<?xml version="1.0" encoding="UTF-8"?>
<testng-results ignored="0" total="1" passed="0" failed="1" skipped="0">
  <reporter-output>
  </reporter-output>
  <suite started-at="2022-08-24T08:02:21 IST" name="Default suite" finished-at="2022-08-24T08:05:24 IST" duration-ms="183773">
    <groups>
    </groups>
    <test started-at="2022-08-24T08:02:21 IST" name="Default test" finished-at="2022-08-24T08:05:24 IST" duration-ms="183773">
      <class name="Endtoendscenerio.Bigbasketscenerio1">
        <test-method is-config="true" signature="database()[pri:0, instance:Endtoendscenerio.Bigbasketscenerio1@6b695b06]" started-at="2022-08-24T08:02:21 IST" name="database" finished-at="2022-08-24T08:02:21 IST" duration-ms="9" status="PASS">
          <reporter-output>
          </reporter-output>
        </test-method> <!-- database -->
        <test-method is-config="true" signature="startserver()[pri:0, instance:Endtoendscenerio.Bigbasketscenerio1@6b695b06]" started-at="2022-08-24T08:02:21 IST" name="startserver" finished-at="2022-08-24T08:02:21 IST" duration-ms="0" status="PASS">
          <reporter-output>
          </reporter-output>
        </test-method> <!-- startserver -->
        <test-method is-config="true" signature="openApp()[pri:0, instance:Endtoendscenerio.Bigbasketscenerio1@6b695b06]" started-at="2022-08-24T08:02:21 IST" name="openApp" finished-at="2022-08-24T08:02:32 IST" duration-ms="11386" status="PASS">
          <reporter-output>
          </reporter-output>
        </test-method> <!-- openApp -->
        <test-method signature="bigbasketscenerio1()[pri:0, instance:Endtoendscenerio.Bigbasketscenerio1@6b695b06]" started-at="2022-08-24T08:02:32 IST" name="bigbasketscenerio1" finished-at="2022-08-24T08:05:24 IST" duration-ms="172332" status="FAIL">
          <exception class="org.openqa.selenium.InvalidElementStateException">
            <message>
              <![CDATA[Cannot set the element to 'salem'. Did you interact with the correct element? (WARNING: The server did not provide any stacktrace information)
Command duration or timeout: 165 milliseconds
Build info: version: '2.53.1', revision: 'a36b8b1cd5757287168e54b817830adce9b0158d', time: '2016-06-30 19:26:09'
System info: host: 'LAPTOP-9B5SK5LD', ip: '192.168.2.102', os.name: 'Windows 10', os.arch: 'amd64', os.version: '10.0', java.version: '16.0.1'
Driver info: io.appium.java_client.android.AndroidDriver
Capabilities [{appPackage=com.bigbasket.mobileapp, deviceScreenSize=1080x2400, networkConnectionEnabled=true, statBarHeight=93, warnings={}, viewportRect={top=93, left=0, width=1080, height=2170}, databaseEnabled=false, deviceName=Y97DWCIBVOE68HS4, platform=LINUX, deviceUDID=Y97DWCIBVOE68HS4, appActivity=.activity.SplashActivity, desired={appPackage=com.bigbasket.mobileapp, appActivity=.activity.SplashActivity, platformVersion=11, platformName=Android, udid=Y97DWCIBVOE68HS4}, platformVersion=11, pixelRatio=2.75, webStorageEnabled=false, locationContextEnabled=false, takesScreenshot=true, javascriptEnabled=true, deviceScreenDensity=440, deviceModel=2201117PI, platformName=Android, udid=Y97DWCIBVOE68HS4, deviceApiLevel=30, deviceManufacturer=Xiaomi}]
Session ID: ef46f25f-5568-4c62-a0f8-96e43530936a]]>
            </message>
            <full-stacktrace>
              <![CDATA[org.openqa.selenium.InvalidElementStateException: Cannot set the element to 'salem'. Did you interact with the correct element? (WARNING: The server did not provide any stacktrace information)
Command duration or timeout: 165 milliseconds
Build info: version: '2.53.1', revision: 'a36b8b1cd5757287168e54b817830adce9b0158d', time: '2016-06-30 19:26:09'
System info: host: 'LAPTOP-9B5SK5LD', ip: '192.168.2.102', os.name: 'Windows 10', os.arch: 'amd64', os.version: '10.0', java.version: '16.0.1'
Driver info: io.appium.java_client.android.AndroidDriver
Capabilities [{appPackage=com.bigbasket.mobileapp, deviceScreenSize=1080x2400, networkConnectionEnabled=true, statBarHeight=93, warnings={}, viewportRect={top=93, left=0, width=1080, height=2170}, databaseEnabled=false, deviceName=Y97DWCIBVOE68HS4, platform=LINUX, deviceUDID=Y97DWCIBVOE68HS4, appActivity=.activity.SplashActivity, desired={appPackage=com.bigbasket.mobileapp, appActivity=.activity.SplashActivity, platformVersion=11, platformName=Android, udid=Y97DWCIBVOE68HS4}, platformVersion=11, pixelRatio=2.75, webStorageEnabled=false, locationContextEnabled=false, takesScreenshot=true, javascriptEnabled=true, deviceScreenDensity=440, deviceModel=2201117PI, platformName=Android, udid=Y97DWCIBVOE68HS4, deviceApiLevel=30, deviceManufacturer=Xiaomi}]
Session ID: ef46f25f-5568-4c62-a0f8-96e43530936a
at java.base/jdk.internal.reflect.NativeConstructorAccessorImpl.newInstance0(Native Method)
at java.base/jdk.internal.reflect.NativeConstructorAccessorImpl.newInstance(NativeConstructorAccessorImpl.java:78)
at java.base/jdk.internal.reflect.DelegatingConstructorAccessorImpl.newInstance(DelegatingConstructorAccessorImpl.java:45)
at java.base/java.lang.reflect.Constructor.newInstanceWithCaller(Constructor.java:499)
at java.base/java.lang.reflect.Constructor.newInstance(Constructor.java:480)
at org.openqa.selenium.remote.ErrorHandler.createThrowable(ErrorHandler.java:206)
at org.openqa.selenium.remote.ErrorHandler.throwIfResponseFailed(ErrorHandler.java:158)
at org.openqa.selenium.remote.RemoteWebDriver.execute(RemoteWebDriver.java:678)
at io.appium.java_client.DefaultGenericMobileDriver.execute(DefaultGenericMobileDriver.java:40)
at io.appium.java_client.AppiumDriver.execute(AppiumDriver.java:1)
at io.appium.java_client.android.AndroidDriver.execute(AndroidDriver.java:1)
at org.openqa.selenium.remote.RemoteWebElement.execute(RemoteWebElement.java:327)
at io.appium.java_client.DefaultGenericMobileElement.execute(DefaultGenericMobileElement.java:33)
at io.appium.java_client.MobileElement.execute(MobileElement.java:1)
at io.appium.java_client.android.AndroidElement.execute(AndroidElement.java:1)
at org.openqa.selenium.remote.RemoteWebElement.sendKeys(RemoteWebElement.java:122)
at java.base/jdk.internal.reflect.NativeMethodAccessorImpl.invoke0(Native Method)
at java.base/jdk.internal.reflect.NativeMethodAccessorImpl.invoke(NativeMethodAccessorImpl.java:78)
at java.base/jdk.internal.reflect.DelegatingMethodAccessorImpl.invoke(DelegatingMethodAccessorImpl.java:43)
at java.base/java.lang.reflect.Method.invoke(Method.java:567)
at org.openqa.selenium.support.pagefactory.internal.LocatingElementHandler.invoke(LocatingElementHandler.java:51)
at jdk.proxy2/jdk.proxy2.$Proxy14.sendKeys(Unknown Source)
at POM.Choosedeliveryaddress.searchtxtfield(Choosedeliveryaddress.java:33)
at Endtoendscenerio.Bigbasketscenerio1.bigbasketscenerio1(Bigbasketscenerio1.java:46)
at java.base/jdk.internal.reflect.NativeMethodAccessorImpl.invoke0(Native Method)
at java.base/jdk.internal.reflect.NativeMethodAccessorImpl.invoke(NativeMethodAccessorImpl.java:78)
at java.base/jdk.internal.reflect.DelegatingMethodAccessorImpl.invoke(DelegatingMethodAccessorImpl.java:43)
at java.base/java.lang.reflect.Method.invoke(Method.java:567)
at org.testng.internal.MethodInvocationHelper.invokeMethod(MethodInvocationHelper.java:133)
at org.testng.internal.TestInvoker.invokeMethod(TestInvoker.java:598)
at org.testng.internal.TestInvoker.invokeTestMethod(TestInvoker.java:173)
at org.testng.internal.MethodRunner.runInSequence(MethodRunner.java:46)
at org.testng.internal.TestInvoker$MethodInvocationAgent.invoke(TestInvoker.java:824)
at org.testng.internal.TestInvoker.invokeTestMethods(TestInvoker.java:146)
at org.testng.internal.TestMethodWorker.invokeTestMethods(TestMethodWorker.java:146)
at org.testng.internal.TestMethodWorker.run(TestMethodWorker.java:128)
at java.base/java.util.ArrayList.forEach(ArrayList.java:1511)
at org.testng.TestRunner.privateRun(TestRunner.java:794)
at org.testng.TestRunner.run(TestRunner.java:596)
at org.testng.SuiteRunner.runTest(SuiteRunner.java:377)
at org.testng.SuiteRunner.runSequentially(SuiteRunner.java:371)
at org.testng.SuiteRunner.privateRun(SuiteRunner.java:332)
at org.testng.SuiteRunner.run(SuiteRunner.java:276)
at org.testng.SuiteRunnerWorker.runSuite(SuiteRunnerWorker.java:53)
at org.testng.SuiteRunnerWorker.run(SuiteRunnerWorker.java:96)
at org.testng.TestNG.runSuitesSequentially(TestNG.java:1212)
at org.testng.TestNG.runSuitesLocally(TestNG.java:1134)
at org.testng.TestNG.runSuites(TestNG.java:1063)
at org.testng.TestNG.run(TestNG.java:1031)
at org.testng.remote.AbstractRemoteTestNG.run(AbstractRemoteTestNG.java:115)
at org.testng.remote.RemoteTestNG.initAndRun(RemoteTestNG.java:251)
at org.testng.remote.RemoteTestNG.main(RemoteTestNG.java:77)
]]>
            </full-stacktrace>
          </exception> <!-- org.openqa.selenium.InvalidElementStateException -->
          <reporter-output>
          </reporter-output>
        </test-method> <!-- bigbasketscenerio1 -->
        <test-method is-config="true" signature="closeApp()[pri:0, instance:Endtoendscenerio.Bigbasketscenerio1@6b695b06]" started-at="2022-08-24T08:05:24 IST" name="closeApp" finished-at="2022-08-24T08:05:24 IST" duration-ms="2" status="PASS">
          <reporter-output>
          </reporter-output>
        </test-method> <!-- closeApp -->
        <test-method is-config="true" signature="stopserver()[pri:0, instance:Endtoendscenerio.Bigbasketscenerio1@6b695b06]" started-at="2022-08-24T08:05:24 IST" name="stopserver" finished-at="2022-08-24T08:05:24 IST" duration-ms="1" status="PASS">
          <reporter-output>
          </reporter-output>
        </test-method> <!-- stopserver -->
        <test-method is-config="true" signature="closedatabase()[pri:0, instance:Endtoendscenerio.Bigbasketscenerio1@6b695b06]" started-at="2022-08-24T08:05:24 IST" name="closedatabase" finished-at="2022-08-24T08:05:24 IST" duration-ms="0" status="PASS">
          <reporter-output>
          </reporter-output>
        </test-method> <!-- closedatabase -->
      </class> <!-- Endtoendscenerio.Bigbasketscenerio1 -->
    </test> <!-- Default test -->
  </suite> <!-- Default suite -->
</testng-results>
